1708279431.586381 client started (123058): version 3.2a, socket /tmp/tmux-1000/default, protocol 8
1708279431.586408 on Linux 6.5.0-18-generic #18~22.04.1-Ubuntu SMP PREEMPT_DYNAMIC Wed Feb  7 11:40:03 UTC 2
1708279431.586416 using libevent 2.1.12-stable (poll); ncurses 6.3
1708279431.586443 flags are 0x10010000
1708279431.586450 socket is /tmp/tmux-1000/default
1708279431.586464 trying connect
1708279431.586535 add peer 0x55dedaced620: 6 ((nil))
1708279431.586731 sending message 100 to peer 0x55dedaced620 (4 bytes)
1708279431.586742 sending message 111 to peer 0x55dedaced620 (8 bytes)
1708279431.586750 sending message 101 to peer 0x55dedaced620 (16 bytes)
1708279431.586756 sending message 109 to peer 0x55dedaced620 (4 bytes)
1708279431.586763 sending message 102 to peer 0x55dedaced620 (11 bytes)
1708279431.586769 sending message 108 to peer 0x55dedaced620 (55 bytes)
1708279431.586775 sending message 112 to peer 0x55dedaced620 (70 bytes)
1708279431.586783 sending message 112 to peer 0x55dedaced620 (5 bytes)
1708279431.586790 sending message 112 to peer 0x55dedaced620 (5 bytes)
1708279431.586797 sending message 112 to peer 0x55dedaced620 (6 bytes)
1708279431.586804 sending message 112 to peer 0x55dedaced620 (6 bytes)
1708279431.586811 sending message 112 to peer 0x55dedaced620 (11 bytes)
1708279431.586819 sending message 112 to peer 0x55dedaced620 (10 bytes)
1708279431.586826 sending message 112 to peer 0x55dedaced620 (13 bytes)
1708279431.586833 sending message 112 to peer 0x55dedaced620 (13 bytes)
1708279431.586840 sending message 112 to peer 0x55dedaced620 (18 bytes)
1708279431.586847 sending message 112 to peer 0x55dedaced620 (11 bytes)
1708279431.586853 sending message 112 to peer 0x55dedaced620 (21 bytes)
1708279431.586860 sending message 112 to peer 0x55dedaced620 (13 bytes)
1708279431.586867 sending message 112 to peer 0x55dedaced620 (7 bytes)
1708279431.586874 sending message 112 to peer 0x55dedaced620 (13 bytes)
1708279431.586881 sending message 112 to peer 0x55dedaced620 (7 bytes)
1708279431.586888 sending message 112 to peer 0x55dedaced620 (13 bytes)
1708279431.586895 sending message 112 to peer 0x55dedaced620 (9 bytes)
1708279431.586903 sending message 112 to peer 0x55dedaced620 (21 bytes)
1708279431.586910 sending message 112 to peer 0x55dedaced620 (13 bytes)
1708279431.586917 sending message 112 to peer 0x55dedaced620 (8 bytes)
1708279431.586924 sending message 112 to peer 0x55dedaced620 (12 bytes)
1708279431.586931 sending message 112 to peer 0x55dedaced620 (13 bytes)
1708279431.586938 sending message 112 to peer 0x55dedaced620 (9 bytes)
1708279431.586945 sending message 112 to peer 0x55dedaced620 (9 bytes)
1708279431.586952 sending message 112 to peer 0x55dedaced620 (12 bytes)
1708279431.586958 sending message 112 to peer 0x55dedaced620 (8 bytes)
1708279431.586965 sending message 112 to peer 0x55dedaced620 (7 bytes)
1708279431.586972 sending message 112 to peer 0x55dedaced620 (7 bytes)
1708279431.586979 sending message 112 to peer 0x55dedaced620 (9 bytes)
1708279431.586986 sending message 112 to peer 0x55dedaced620 (13 bytes)
1708279431.586993 sending message 112 to peer 0x55dedaced620 (9 bytes)
1708279431.587000 sending message 112 to peer 0x55dedaced620 (15 bytes)
1708279431.587007 sending message 112 to peer 0x55dedaced620 (13 bytes)
1708279431.587014 sending message 112 to peer 0x55dedaced620 (12 bytes)
1708279431.587021 sending message 112 to peer 0x55dedaced620 (8 bytes)
1708279431.587028 sending message 112 to peer 0x55dedaced620 (14 bytes)
1708279431.587035 sending message 112 to peer 0x55dedaced620 (9 bytes)
1708279431.587042 sending message 112 to peer 0x55dedaced620 (10 bytes)
1708279431.587049 sending message 112 to peer 0x55dedaced620 (10 bytes)
1708279431.587055 sending message 112 to peer 0x55dedaced620 (10 bytes)
1708279431.587062 sending message 112 to peer 0x55dedaced620 (10 bytes)
1708279431.587069 sending message 112 to peer 0x55dedaced620 (11 bytes)
1708279431.587076 sending message 112 to peer 0x55dedaced620 (10 bytes)
1708279431.587083 sending message 112 to peer 0x55dedaced620 (8 bytes)
1708279431.587098 sending message 112 to peer 0x55dedaced620 (11 bytes)
1708279431.587105 sending message 112 to peer 0x55dedaced620 (11 bytes)
1708279431.587111 sending message 112 to peer 0x55dedaced620 (11 bytes)
1708279431.587119 sending message 112 to peer 0x55dedaced620 (8 bytes)
1708279431.587126 sending message 112 to peer 0x55dedaced620 (8 bytes)
1708279431.587134 sending message 112 to peer 0x55dedaced620 (8 bytes)
1708279431.587140 sending message 112 to peer 0x55dedaced620 (10 bytes)
1708279431.587148 sending message 112 to peer 0x55dedaced620 (10 bytes)
1708279431.587155 sending message 112 to peer 0x55dedaced620 (10 bytes)
1708279431.587161 sending message 112 to peer 0x55dedaced620 (10 bytes)
1708279431.587169 sending message 112 to peer 0x55dedaced620 (10 bytes)
1708279431.587175 sending message 112 to peer 0x55dedaced620 (11 bytes)
1708279431.587182 sending message 112 to peer 0x55dedaced620 (11 bytes)
1708279431.587189 sending message 112 to peer 0x55dedaced620 (10 bytes)
1708279431.587197 sending message 112 to peer 0x55dedaced620 (9 bytes)
1708279431.587204 sending message 112 to peer 0x55dedaced620 (9 bytes)
1708279431.587211 sending message 112 to peer 0x55dedaced620 (12 bytes)
1708279431.587219 sending message 112 to peer 0x55dedaced620 (9 bytes)
1708279431.587225 sending message 112 to peer 0x55dedaced620 (6 bytes)
1708279431.587232 sending message 112 to peer 0x55dedaced620 (13 bytes)
1708279431.587239 sending message 112 to peer 0x55dedaced620 (8 bytes)
1708279431.587246 sending message 112 to peer 0x55dedaced620 (15 bytes)
1708279431.587253 sending message 112 to peer 0x55dedaced620 (13 bytes)
1708279431.587260 sending message 112 to peer 0x55dedaced620 (70 bytes)
1708279431.587266 sending message 112 to peer 0x55dedaced620 (69 bytes)
1708279431.587273 sending message 112 to peer 0x55dedaced620 (10 bytes)
1708279431.587281 sending message 112 to peer 0x55dedaced620 (8 bytes)
1708279431.587288 sending message 112 to peer 0x55dedaced620 (15 bytes)
1708279431.587296 sending message 112 to peer 0x55dedaced620 (13 bytes)
1708279431.587302 sending message 112 to peer 0x55dedaced620 (10 bytes)
1708279431.587309 sending message 112 to peer 0x55dedaced620 (10 bytes)
1708279431.587316 sending message 112 to peer 0x55dedaced620 (5 bytes)
1708279431.587323 sending message 112 to peer 0x55dedaced620 (15 bytes)
1708279431.587333 sending message 104 to peer 0x55dedaced620 (0 bytes)
1708279431.587341 sending message 110 to peer 0x55dedaced620 (0 bytes)
1708279431.587349 sending message 107 to peer 0x55dedaced620 (4 bytes)
1708279431.587357 sending message 105 to peer 0x55dedaced620 (19 bytes)
1708279431.587364 sending message 105 to peer 0x55dedaced620 (50 bytes)
1708279431.587371 sending message 105 to peer 0x55dedaced620 (17 bytes)
1708279431.587377 sending message 105 to peer 0x55dedaced620 (25 bytes)
1708279431.587393 sending message 105 to peer 0x55dedaced620 (7 bytes)
1708279431.587403 sending message 105 to peer 0x55dedaced620 (17 bytes)
1708279431.587410 sending message 105 to peer 0x55dedaced620 (17 bytes)
1708279431.587417 sending message 105 to peer 0x55dedaced620 (37 bytes)
1708279431.587423 sending message 105 to peer 0x55dedaced620 (41 bytes)
1708279431.587429 sending message 105 to peer 0x55dedaced620 (20 bytes)
1708279431.587437 sending message 105 to peer 0x55dedaced620 (58 bytes)
1708279431.587443 sending message 105 to peer 0x55dedaced620 (53 bytes)
1708279431.587451 sending message 105 to peer 0x55dedaced620 (15 bytes)
1708279431.587458 sending message 105 to peer 0x55dedaced620 (33 bytes)
1708279431.587464 sending message 105 to peer 0x55dedaced620 (27 bytes)
1708279431.587472 sending message 105 to peer 0x55dedaced620 (31 bytes)
1708279431.587478 sending message 105 to peer 0x55dedaced620 (45 bytes)
1708279431.587485 sending message 105 to peer 0x55dedaced620 (23 bytes)
1708279431.587493 sending message 105 to peer 0x55dedaced620 (52 bytes)
1708279431.587500 sending message 105 to peer 0x55dedaced620 (42 bytes)
1708279431.587507 sending message 105 to peer 0x55dedaced620 (18 bytes)
1708279431.587514 sending message 105 to peer 0x55dedaced620 (30 bytes)
1708279431.587528 sending message 105 to peer 0x55dedaced620 (86 bytes)
1708279431.587534 sending message 105 to peer 0x55dedaced620 (30 bytes)
1708279431.587540 sending message 105 to peer 0x55dedaced620 (52 bytes)
1708279431.587546 sending message 105 to peer 0x55dedaced620 (59 bytes)
1708279431.587553 sending message 105 to peer 0x55dedaced620 (19 bytes)
1708279431.587560 sending message 105 to peer 0x55dedaced620 (17 bytes)
1708279431.587567 sending message 105 to peer 0x55dedaced620 (21 bytes)
1708279431.587574 sending message 105 to peer 0x55dedaced620 (23 bytes)
1708279431.587581 sending message 105 to peer 0x55dedaced620 (28 bytes)
1708279431.587588 sending message 105 to peer 0x55dedaced620 (18 bytes)
1708279431.587596 sending message 105 to peer 0x55dedaced620 (54 bytes)
1708279431.587603 sending message 105 to peer 0x55dedaced620 (32 bytes)
1708279431.587610 sending message 105 to peer 0x55dedaced620 (58 bytes)
1708279431.587617 sending message 105 to peer 0x55dedaced620 (11 bytes)
1708279431.587624 sending message 105 to peer 0x55dedaced620 (31 bytes)
1708279431.587631 sending message 105 to peer 0x55dedaced620 (33 bytes)
1708279431.587637 sending message 105 to peer 0x55dedaced620 (21 bytes)
1708279431.587645 sending message 105 to peer 0x55dedaced620 (12 bytes)
1708279431.587652 sending message 105 to peer 0x55dedaced620 (180 bytes)
1708279431.587659 sending message 105 to peer 0x55dedaced620 (20 bytes)
1708279431.587667 sending message 105 to peer 0x55dedaced620 (35 bytes)
1708279431.587673 sending message 105 to peer 0x55dedaced620 (18 bytes)
1708279431.587680 sending message 105 to peer 0x55dedaced620 (20 bytes)
1708279431.587687 sending message 105 to peer 0x55dedaced620 (44 bytes)
1708279431.587694 sending message 105 to peer 0x55dedaced620 (14 bytes)
1708279431.587700 sending message 105 to peer 0x55dedaced620 (14 bytes)
1708279431.587708 sending message 105 to peer 0x55dedaced620 (46 bytes)
1708279431.587715 sending message 105 to peer 0x55dedaced620 (11 bytes)
1708279431.587721 sending message 105 to peer 0x55dedaced620 (473 bytes)
1708279431.587728 sending message 105 to peer 0x55dedaced620 (23 bytes)
1708279431.587735 sending message 105 to peer 0x55dedaced620 (21 bytes)
1708279431.587741 sending message 105 to peer 0x55dedaced620 (30 bytes)
1708279431.587748 sending message 105 to peer 0x55dedaced620 (13 bytes)
1708279431.587756 sending message 105 to peer 0x55dedaced620 (26 bytes)
1708279431.587763 sending message 105 to peer 0x55dedaced620 (11 bytes)
1708279431.587770 sending message 105 to peer 0x55dedaced620 (8 bytes)
1708279431.587776 sending message 105 to peer 0x55dedaced620 (22 bytes)
1708279431.587783 sending message 105 to peer 0x55dedaced620 (96 bytes)
1708279431.587789 sending message 105 to peer 0x55dedaced620 (14 bytes)
1708279431.587794 sending message 105 to peer 0x55dedaced620 (12 bytes)
1708279431.587801 sending message 105 to peer 0x55dedaced620 (23 bytes)
1708279431.587808 sending message 105 to peer 0x55dedaced620 (41 bytes)
1708279431.587815 sending message 106 to peer 0x55dedaced620 (0 bytes)
1708279431.587824 sending message 200 to peer 0x55dedaced620 (4 bytes)
1708279431.587831 client loop enter
1708279431.588165 peer 0x55dedaced620 message 303
1708279431.588177 open write file 2 -
1708279431.588189 sending message 305 to peer 0x55dedaced620 (8 bytes)
1708279431.588201 write check file 2
1708279431.588323 peer 0x55dedaced620 message 304
1708279431.588333 write 58 to file 2
1708279431.588342 peer 0x55dedaced620 message 203
1708279431.588349 file 2 58 bytes left
1708279431.588364 write check file 2
1708279431.588371 client loop exit
